\BOOKMARK [0][-]{chapter.1}{\376\377\0001\000\040\000H\000i\000e\000r\000a\000r\000c\000h\000i\000c\000a\000l\000\040\000I\000n\000d\000e\000x}{}% 1
\BOOKMARK [1][-]{section.1.1}{\376\377\0001\000.\0001\000\040\000C\000l\000a\000s\000s\000\040\000H\000i\000e\000r\000a\000r\000c\000h\000y}{chapter.1}% 2
\BOOKMARK [0][-]{chapter.2}{\376\377\0002\000\040\000C\000l\000a\000s\000s\000\040\000I\000n\000d\000e\000x}{}% 3
\BOOKMARK [1][-]{section.2.1}{\376\377\0002\000.\0001\000\040\000C\000l\000a\000s\000s\000\040\000L\000i\000s\000t}{chapter.2}% 4
\BOOKMARK [0][-]{chapter.3}{\376\377\0003\000\040\000F\000i\000l\000e\000\040\000I\000n\000d\000e\000x}{}% 5
\BOOKMARK [1][-]{section.3.1}{\376\377\0003\000.\0001\000\040\000F\000i\000l\000e\000\040\000L\000i\000s\000t}{chapter.3}% 6
\BOOKMARK [0][-]{chapter.4}{\376\377\0004\000\040\000C\000l\000a\000s\000s\000\040\000D\000o\000c\000u\000m\000e\000n\000t\000a\000t\000i\000o\000n}{}% 7
\BOOKMARK [1][-]{section.4.1}{\376\377\0004\000.\0001\000\040\000A\000u\000t\000o\000s\000c\000o\000p\000e\000\040\000C\000l\000a\000s\000s\000\040\000R\000e\000f\000e\000r\000e\000n\000c\000e}{chapter.4}% 8
\BOOKMARK [2][-]{subsection.4.1.1}{\376\377\0004\000.\0001\000.\0001\000\040\000D\000e\000t\000a\000i\000l\000e\000d\000\040\000D\000e\000s\000c\000r\000i\000p\000t\000i\000o\000n}{section.4.1}% 9
\BOOKMARK [2][-]{subsection.4.1.2}{\376\377\0004\000.\0001\000.\0002\000\040\000C\000o\000n\000s\000t\000r\000u\000c\000t\000o\000r\000\040\000\046\000\040\000D\000e\000s\000t\000r\000u\000c\000t\000o\000r\000\040\000D\000o\000c\000u\000m\000e\000n\000t\000a\000t\000i\000o\000n}{section.4.1}% 10
\BOOKMARK [3][-]{subsubsection.4.1.2.1}{\376\377\0004\000.\0001\000.\0002\000.\0001\000\040\000A\000u\000t\000o\000s\000c\000o\000p\000e\000\050\000\051}{subsection.4.1.2}% 11
\BOOKMARK [3][-]{subsubsection.4.1.2.2}{\376\377\0004\000.\0001\000.\0002\000.\0002\000\040\000\040\000A\000u\000t\000o\000s\000c\000o\000p\000e\000\050\000\051}{subsection.4.1.2}% 12
\BOOKMARK [2][-]{subsection.4.1.3}{\376\377\0004\000.\0001\000.\0003\000\040\000M\000e\000m\000b\000e\000r\000\040\000F\000u\000n\000c\000t\000i\000o\000n\000\040\000D\000o\000c\000u\000m\000e\000n\000t\000a\000t\000i\000o\000n}{section.4.1}% 13
\BOOKMARK [3][-]{subsubsection.4.1.3.1}{\376\377\0004\000.\0001\000.\0003\000.\0001\000\040\000c\000l\000e\000a\000r\000T\000r\000a\000c\000k\000e\000d\000O\000b\000j\000e\000c\000t\000\050\000\051}{subsection.4.1.3}% 14
\BOOKMARK [3][-]{subsubsection.4.1.3.2}{\376\377\0004\000.\0001\000.\0003\000.\0002\000\040\000c\000o\000n\000f\000i\000g\000u\000r\000e\000G\000u\000i\000\050\000\051}{subsection.4.1.3}% 15
\BOOKMARK [3][-]{subsubsection.4.1.3.3}{\376\377\0004\000.\0001\000.\0003\000.\0003\000\040\000c\000o\000n\000n\000e\000c\000t\000T\000o\000A\000u\000t\000o\000s\000c\000o\000p\000e\000\050\000\051}{subsection.4.1.3}% 16
\BOOKMARK [3][-]{subsubsection.4.1.3.4}{\376\377\0004\000.\0001\000.\0003\000.\0004\000\040\000d\000e\000c\000o\000n\000n\000e\000c\000t\000F\000r\000o\000m\000A\000u\000t\000o\000s\000c\000o\000p\000e\000\050\000\051}{subsection.4.1.3}% 17
\BOOKMARK [3][-]{subsubsection.4.1.3.5}{\376\377\0004\000.\0001\000.\0003\000.\0005\000\040\000d\000r\000a\000w\000\050\000\051}{subsection.4.1.3}% 18
\BOOKMARK [3][-]{subsubsection.4.1.3.6}{\376\377\0004\000.\0001\000.\0003\000.\0006\000\040\000g\000e\000t\000A\000l\000t\000A\000z\000i\000\050\000\051}{subsection.4.1.3}% 19
\BOOKMARK [3][-]{subsubsection.4.1.3.7}{\376\377\0004\000.\0001\000.\0003\000.\0007\000\040\000g\000e\000t\000A\000u\000t\000o\000s\000c\000o\000p\000e\000P\000i\000c\000t\000u\000r\000e\000W\000i\000n\000d\000o\000w\000\050\000\051}{subsection.4.1.3}% 20
\BOOKMARK [3][-]{subsubsection.4.1.3.8}{\376\377\0004\000.\0001\000.\0003\000.\0008\000\040\000g\000e\000t\000A\000u\000t\000o\000s\000c\000o\000p\000e\000W\000i\000n\000d\000o\000w\000\050\000\051}{subsection.4.1.3}% 21
\BOOKMARK [3][-]{subsubsection.4.1.3.9}{\376\377\0004\000.\0001\000.\0003\000.\0009\000\040\000g\000e\000t\000C\000a\000l\000l\000O\000r\000d\000e\000r\000\050\000\051}{subsection.4.1.3}% 22
\BOOKMARK [3][-]{subsubsection.4.1.3.10}{\376\377\0004\000.\0001\000.\0003\000.\0001\0000\000\040\000g\000e\000t\000S\000c\000r\000e\000e\000n\000H\000e\000i\000g\000h\000t\000\050\000\051}{subsection.4.1.3}% 23
\BOOKMARK [3][-]{subsubsection.4.1.3.11}{\376\377\0004\000.\0001\000.\0003\000.\0001\0001\000\040\000g\000e\000t\000S\000c\000r\000e\000e\000n\000W\000i\000d\000t\000h\000\050\000\051}{subsection.4.1.3}% 24
\BOOKMARK [3][-]{subsubsection.4.1.3.12}{\376\377\0004\000.\0001\000.\0003\000.\0001\0002\000\040\000i\000n\000i\000t\000\050\000\051}{subsection.4.1.3}% 25
\BOOKMARK [3][-]{subsubsection.4.1.3.13}{\376\377\0004\000.\0001\000.\0003\000.\0001\0003\000\040\000l\000o\000a\000d\000C\000o\000n\000f\000i\000g\000u\000r\000a\000t\000i\000o\000n\000\050\000\051}{subsection.4.1.3}% 26
\BOOKMARK [3][-]{subsubsection.4.1.3.14}{\376\377\0004\000.\0001\000.\0003\000.\0001\0004\000\040\000m\000o\000v\000e\000O\000b\000s\000e\000r\000v\000e\000r\000T\000o\000O\000b\000j\000e\000c\000t\000\050\000\051}{subsection.4.1.3}% 27
\BOOKMARK [3][-]{subsubsection.4.1.3.15}{\376\377\0004\000.\0001\000.\0003\000.\0001\0005\000\040\000r\000e\000s\000t\000o\000r\000e\000D\000e\000f\000a\000u\000l\000t\000C\000o\000n\000f\000i\000g\000u\000r\000a\000t\000i\000o\000n\000\050\000\051}{subsection.4.1.3}% 28
\BOOKMARK [3][-]{subsubsection.4.1.3.16}{\376\377\0004\000.\0001\000.\0003\000.\0001\0006\000\040\000s\000e\000a\000r\000c\000h\000A\000n\000O\000b\000j\000e\000c\000t\000\050\000\051}{subsection.4.1.3}% 29
\BOOKMARK [3][-]{subsubsection.4.1.3.17}{\376\377\0004\000.\0001\000.\0003\000.\0001\0007\000\040\000s\000e\000t\000I\000p\000A\000d\000d\000r\000e\000s\000s\000\050\000\051}{subsection.4.1.3}% 30
\BOOKMARK [3][-]{subsubsection.4.1.3.18}{\376\377\0004\000.\0001\000.\0003\000.\0001\0008\000\040\000s\000e\000t\000P\000o\000r\000t\000\050\000\051}{subsection.4.1.3}% 31
\BOOKMARK [3][-]{subsubsection.4.1.3.19}{\376\377\0004\000.\0001\000.\0003\000.\0001\0009\000\040\000s\000e\000t\000T\000r\000a\000c\000k\000O\000b\000j\000e\000c\000t\000\050\000\051}{subsection.4.1.3}% 32
\BOOKMARK [3][-]{subsubsection.4.1.3.20}{\376\377\0004\000.\0001\000.\0003\000.\0002\0000\000\040\000s\000h\000o\000w\000G\000u\000i}{subsection.4.1.3}% 33
\BOOKMARK [3][-]{subsubsection.4.1.3.21}{\376\377\0004\000.\0001\000.\0003\000.\0002\0001\000\040\000s\000l\000o\000t\000C\000o\000n\000n\000e\000c\000t\000e\000d}{subsection.4.1.3}% 34
\BOOKMARK [3][-]{subsubsection.4.1.3.22}{\376\377\0004\000.\0001\000.\0003\000.\0002\0002\000\040\000s\000l\000o\000t\000E\000n\000a\000b\000l\000e\000P\000i\000c\000t\000u\000r\000e\000D\000i\000s\000p\000a\000l\000y}{subsection.4.1.3}% 35
\BOOKMARK [3][-]{subsubsection.4.1.3.23}{\376\377\0004\000.\0001\000.\0003\000.\0002\0003\000\040\000s\000l\000o\000t\000T\000a\000k\000e\000P\000i\000c\000t\000u\000r\000e}{subsection.4.1.3}% 36
\BOOKMARK [3][-]{subsubsection.4.1.3.24}{\376\377\0004\000.\0001\000.\0003\000.\0002\0004\000\040\000s\000l\000o\000t\000T\000r\000a\000c\000k\000O\000b\000j\000e\000c\000t}{subsection.4.1.3}% 37
\BOOKMARK [3][-]{subsubsection.4.1.3.25}{\376\377\0004\000.\0001\000.\0003\000.\0002\0005\000\040\000s\000l\000o\000t\000U\000n\000T\000r\000a\000c\000k\000O\000j\000e\000c\000t}{subsection.4.1.3}% 38
\BOOKMARK [3][-]{subsubsection.4.1.3.26}{\376\377\0004\000.\0001\000.\0003\000.\0002\0006\000\040\000t\000r\000a\000c\000k\000S\000e\000a\000r\000c\000h\000e\000d\000O\000b\000j\000e\000c\000t\000\050\000\051}{subsection.4.1.3}% 39
\BOOKMARK [3][-]{subsubsection.4.1.3.27}{\376\377\0004\000.\0001\000.\0003\000.\0002\0007\000\040\000t\000r\000a\000c\000k\000S\000e\000l\000e\000c\000t\000e\000d\000O\000b\000j\000e\000c\000t\000\050\000\051}{subsection.4.1.3}% 40
\BOOKMARK [3][-]{subsubsection.4.1.3.28}{\376\377\0004\000.\0001\000.\0003\000.\0002\0008\000\040\000u\000p\000d\000a\000t\000e\000\050\000\051}{subsection.4.1.3}% 41
\BOOKMARK [2][-]{subsection.4.1.4}{\376\377\0004\000.\0001\000.\0004\000\040\000M\000e\000m\000b\000e\000r\000\040\000D\000a\000t\000a\000\040\000D\000o\000c\000u\000m\000e\000n\000t\000a\000t\000i\000o\000n}{section.4.1}% 42
\BOOKMARK [3][-]{subsubsection.4.1.4.1}{\376\377\0004\000.\0001\000.\0004\000.\0001\000\040\000c\000o\000n\000f}{subsection.4.1.4}% 43
\BOOKMARK [3][-]{subsubsection.4.1.4.2}{\376\377\0004\000.\0001\000.\0004\000.\0002\000\040\000d\000i\000s\000p\000l\000a\000y\000e\000d\000A\000t\000S\000t\000a\000r\000t\000u\000p}{subsection.4.1.4}% 44
\BOOKMARK [3][-]{subsubsection.4.1.4.3}{\376\377\0004\000.\0001\000.\0004\000.\0003\000\040\000E\000n\000a\000b\000l\000e\000P\000i\000c\000t\000u\000r\000e\000D\000i\000s\000p\000l\000a\000y}{subsection.4.1.4}% 45
\BOOKMARK [3][-]{subsubsection.4.1.4.4}{\376\377\0004\000.\0001\000.\0004\000.\0004\000\040\000f\000o\000n\000t}{subsection.4.1.4}% 46
\BOOKMARK [3][-]{subsubsection.4.1.4.5}{\376\377\0004\000.\0001\000.\0004\000.\0005\000\040\000g\000u\000i}{subsection.4.1.4}% 47
\BOOKMARK [3][-]{subsubsection.4.1.4.6}{\376\377\0004\000.\0001\000.\0004\000.\0006\000\040\000g\000u\000i\000I\000s\000V\000i\000s\000i\000b\000l\000e}{subsection.4.1.4}% 48
\BOOKMARK [3][-]{subsubsection.4.1.4.7}{\376\377\0004\000.\0001\000.\0004\000.\0007\000\040\000m\000\137\000a\000u\000t\000o\000s\000c\000o\000p\000e\000I\000p}{subsection.4.1.4}% 49
\BOOKMARK [3][-]{subsubsection.4.1.4.8}{\376\377\0004\000.\0001\000.\0004\000.\0008\000\040\000m\000\137\000a\000u\000t\000o\000s\000c\000o\000p\000e\000P\000i\000c\000t\000u\000r\000e\000W\000i\000n\000d\000o\000w}{subsection.4.1.4}% 50
\BOOKMARK [3][-]{subsubsection.4.1.4.9}{\376\377\0004\000.\0001\000.\0004\000.\0009\000\040\000m\000\137\000a\000u\000t\000o\000s\000c\000o\000p\000e\000P\000o\000r\000t}{subsection.4.1.4}% 51
\BOOKMARK [3][-]{subsubsection.4.1.4.10}{\376\377\0004\000.\0001\000.\0004\000.\0001\0000\000\040\000m\000\137\000a\000u\000t\000o\000s\000c\000o\000p\000e\000W\000i\000n\000d\000o\000w}{subsection.4.1.4}% 52
\BOOKMARK [3][-]{subsubsection.4.1.4.11}{\376\377\0004\000.\0001\000.\0004\000.\0001\0001\000\040\000m\000\137\000c\000l\000i\000e\000n\000t}{subsection.4.1.4}% 53
\BOOKMARK [3][-]{subsubsection.4.1.4.12}{\376\377\0004\000.\0001\000.\0004\000.\0001\0002\000\040\000m\000\137\000c\000o\000r\000e}{subsection.4.1.4}% 54
\BOOKMARK [3][-]{subsubsection.4.1.4.13}{\376\377\0004\000.\0001\000.\0004\000.\0001\0003\000\040\000m\000\137\000s\000c\000r\000e\000e\000n\000H\000e\000i\000g\000h\000t}{subsection.4.1.4}% 55
\BOOKMARK [3][-]{subsubsection.4.1.4.14}{\376\377\0004\000.\0001\000.\0004\000.\0001\0004\000\040\000m\000\137\000s\000c\000r\000e\000e\000n\000W\000i\000d\000t\000h}{subsection.4.1.4}% 56
\BOOKMARK [3][-]{subsubsection.4.1.4.15}{\376\377\0004\000.\0001\000.\0004\000.\0001\0005\000\040\000m\000a\000r\000k\000C\000o\000l\000o\000r}{subsection.4.1.4}% 57
\BOOKMARK [3][-]{subsubsection.4.1.4.16}{\376\377\0004\000.\0001\000.\0004\000.\0001\0006\000\040\000m\000a\000r\000k\000F\000a\000d\000e\000r}{subsection.4.1.4}% 58
\BOOKMARK [3][-]{subsubsection.4.1.4.17}{\376\377\0004\000.\0001\000.\0004\000.\0001\0007\000\040\000m\000e\000n\000u\000B\000u\000t\000t\000o\000n}{subsection.4.1.4}% 59
\BOOKMARK [3][-]{subsubsection.4.1.4.18}{\376\377\0004\000.\0001\000.\0004\000.\0001\0008\000\040\000m\000v\000M\000g\000r}{subsection.4.1.4}% 60
\BOOKMARK [3][-]{subsubsection.4.1.4.19}{\376\377\0004\000.\0001\000.\0004\000.\0001\0009\000\040\000n\000e\000w\000S\000e\000l\000e\000c\000t\000e\000d}{subsection.4.1.4}% 61
\BOOKMARK [3][-]{subsubsection.4.1.4.20}{\376\377\0004\000.\0001\000.\0004\000.\0002\0000\000\040\000o\000b\000j\000e\000c\000t\000M\000g\000r}{subsection.4.1.4}% 62
\BOOKMARK [3][-]{subsubsection.4.1.4.21}{\376\377\0004\000.\0001\000.\0004\000.\0002\0001\000\040\000o\000b\000j\000e\000c\000t\000P\000o\000s\000i\000t\000i\000o\000n}{subsection.4.1.4}% 63
\BOOKMARK [3][-]{subsubsection.4.1.4.22}{\376\377\0004\000.\0001\000.\0004\000.\0002\0002\000\040\000s\000e\000a\000r\000c\000h\000e\000d\000O\000b\000j\000e\000c\000t}{subsection.4.1.4}% 64
\BOOKMARK [3][-]{subsubsection.4.1.4.23}{\376\377\0004\000.\0001\000.\0004\000.\0002\0003\000\040\000s\000e\000a\000r\000c\000h\000O\000b\000j\000e\000c\000t\000F\000o\000u\000n\000d}{subsection.4.1.4}% 65
\BOOKMARK [3][-]{subsubsection.4.1.4.24}{\376\377\0004\000.\0001\000.\0004\000.\0002\0004\000\040\000s\000e\000l\000e\000c\000t\000e\000d\000O\000b\000j\000e\000c\000t}{subsection.4.1.4}% 66
\BOOKMARK [3][-]{subsubsection.4.1.4.25}{\376\377\0004\000.\0001\000.\0004\000.\0002\0005\000\040\000S\000u\000n}{subsection.4.1.4}% 67
\BOOKMARK [3][-]{subsubsection.4.1.4.26}{\376\377\0004\000.\0001\000.\0004\000.\0002\0006\000\040\000t\000a\000k\000e\000P\000i\000c\000t\000u\000r\000e}{subsection.4.1.4}% 68
\BOOKMARK [3][-]{subsubsection.4.1.4.27}{\376\377\0004\000.\0001\000.\0004\000.\0002\0007\000\040\000t\000r\000a\000c\000k\000B\000u\000t\000t\000o\000n}{subsection.4.1.4}% 69
\BOOKMARK [3][-]{subsubsection.4.1.4.28}{\376\377\0004\000.\0001\000.\0004\000.\0002\0008\000\040\000t\000r\000a\000c\000k\000O\000b\000j\000e\000c\000t}{subsection.4.1.4}% 70
\BOOKMARK [3][-]{subsubsection.4.1.4.29}{\376\377\0004\000.\0001\000.\0004\000.\0002\0009\000\040\000u\000n\000T\000r\000a\000c\000k\000B\000u\000t\000t\000o\000n}{subsection.4.1.4}% 71
\BOOKMARK [1][-]{section.4.2}{\376\377\0004\000.\0002\000\040\000A\000u\000t\000o\000s\000c\000o\000p\000e\000P\000i\000c\000t\000u\000r\000e\000W\000i\000n\000d\000o\000w\000F\000o\000r\000m\000\040\000C\000l\000a\000s\000s\000\040\000R\000e\000f\000e\000r\000e\000n\000c\000e}{chapter.4}% 72
\BOOKMARK [2][-]{subsection.4.2.1}{\376\377\0004\000.\0002\000.\0001\000\040\000D\000e\000t\000a\000i\000l\000e\000d\000\040\000D\000e\000s\000c\000r\000i\000p\000t\000i\000o\000n}{section.4.2}% 73
\BOOKMARK [2][-]{subsection.4.2.2}{\376\377\0004\000.\0002\000.\0002\000\040\000C\000o\000n\000s\000t\000r\000u\000c\000t\000o\000r\000\040\000\046\000\040\000D\000e\000s\000t\000r\000u\000c\000t\000o\000r\000\040\000D\000o\000c\000u\000m\000e\000n\000t\000a\000t\000i\000o\000n}{section.4.2}% 74
\BOOKMARK [3][-]{subsubsection.4.2.2.1}{\376\377\0004\000.\0002\000.\0002\000.\0001\000\040\000A\000u\000t\000o\000s\000c\000o\000p\000e\000P\000i\000c\000t\000u\000r\000e\000W\000i\000n\000d\000o\000w\000F\000o\000r\000m\000\050\000\051}{subsection.4.2.2}% 75
\BOOKMARK [3][-]{subsubsection.4.2.2.2}{\376\377\0004\000.\0002\000.\0002\000.\0002\000\040\000\040\000A\000u\000t\000o\000s\000c\000o\000p\000e\000P\000i\000c\000t\000u\000r\000e\000W\000i\000n\000d\000o\000w\000F\000o\000r\000m\000\050\000\051}{subsection.4.2.2}% 76
\BOOKMARK [2][-]{subsection.4.2.3}{\376\377\0004\000.\0002\000.\0003\000\040\000M\000e\000m\000b\000e\000r\000\040\000F\000u\000n\000c\000t\000i\000o\000n\000\040\000D\000o\000c\000u\000m\000e\000n\000t\000a\000t\000i\000o\000n}{section.4.2}% 77
\BOOKMARK [3][-]{subsubsection.4.2.3.1}{\376\377\0004\000.\0002\000.\0003\000.\0001\000\040\000c\000r\000e\000a\000t\000e\000D\000i\000a\000l\000o\000g\000C\000o\000n\000t\000e\000n\000t\000\050\000\051}{subsection.4.2.3}% 78
\BOOKMARK [3][-]{subsubsection.4.2.3.2}{\376\377\0004\000.\0002\000.\0003\000.\0002\000\040\000g\000e\000t\000G\000u\000i\000H\000e\000i\000g\000h\000t\000\050\000\051}{subsection.4.2.3}% 79
\BOOKMARK [3][-]{subsubsection.4.2.3.3}{\376\377\0004\000.\0002\000.\0003\000.\0003\000\040\000g\000e\000t\000G\000u\000i\000H\000o\000r\000i\000z\000o\000n\000t\000a\000l\000P\000o\000s\000i\000t\000i\000o\000n\000\050\000\051}{subsection.4.2.3}% 80
\BOOKMARK [3][-]{subsubsection.4.2.3.4}{\376\377\0004\000.\0002\000.\0003\000.\0004\000\040\000g\000e\000t\000G\000u\000i\000V\000e\000r\000t\000i\000c\000a\000l\000P\000o\000s\000i\000t\000i\000o\000n\000\050\000\051}{subsection.4.2.3}% 81
\BOOKMARK [3][-]{subsubsection.4.2.3.5}{\376\377\0004\000.\0002\000.\0003\000.\0005\000\040\000g\000e\000t\000G\000u\000i\000W\000i\000d\000t\000h\000\050\000\051}{subsection.4.2.3}% 82
\BOOKMARK [3][-]{subsubsection.4.2.3.6}{\376\377\0004\000.\0002\000.\0003\000.\0006\000\040\000r\000e\000t\000r\000a\000n\000s\000l\000a\000t\000e}{subsection.4.2.3}% 83
\BOOKMARK [3][-]{subsubsection.4.2.3.7}{\376\377\0004\000.\0002\000.\0003\000.\0007\000\040\000s\000e\000t\000A\000u\000t\000o\000s\000c\000o\000p\000e\000W\000i\000n\000d\000o\000w\000\050\000\051}{subsection.4.2.3}% 84
\BOOKMARK [3][-]{subsubsection.4.2.3.8}{\376\377\0004\000.\0002\000.\0003\000.\0008\000\040\000s\000e\000t\000G\000u\000i\000H\000o\000r\000i\000z\000o\000n\000t\000a\000l\000P\000o\000s\000i\000t\000i\000o\000n\000\050\000\051}{subsection.4.2.3}% 85
\BOOKMARK [3][-]{subsubsection.4.2.3.9}{\376\377\0004\000.\0002\000.\0003\000.\0009\000\040\000s\000e\000t\000G\000u\000i\000O\000p\000a\000c\000i\000t\000y\000\050\000\051}{subsection.4.2.3}% 86
\BOOKMARK [3][-]{subsubsection.4.2.3.10}{\376\377\0004\000.\0002\000.\0003\000.\0001\0000\000\040\000s\000e\000t\000G\000u\000i\000S\000i\000z\000e\000\050\000\051}{subsection.4.2.3}% 87
\BOOKMARK [3][-]{subsubsection.4.2.3.11}{\376\377\0004\000.\0002\000.\0003\000.\0001\0001\000\040\000s\000e\000t\000G\000u\000i\000V\000e\000r\000t\000i\000c\000a\000l\000P\000o\000s\000i\000t\000i\000o\000n\000\050\000\051}{subsection.4.2.3}% 88
\BOOKMARK [3][-]{subsubsection.4.2.3.12}{\376\377\0004\000.\0002\000.\0003\000.\0001\0002\000\040\000u\000p\000d\000a\000t\000e\000\050\000\051}{subsection.4.2.3}% 89
\BOOKMARK [3][-]{subsubsection.4.2.3.13}{\376\377\0004\000.\0002\000.\0003\000.\0001\0003\000\040\000u\000p\000d\000a\000t\000e\000G\000u\000i\000P\000o\000s\000i\000t\000i\000o\000n\000\050\000\051}{subsection.4.2.3}% 90
\BOOKMARK [3][-]{subsubsection.4.2.3.14}{\376\377\0004\000.\0002\000.\0003\000.\0001\0004\000\040\000u\000p\000d\000a\000t\000e\000G\000u\000i\000S\000i\000z\000e\000\050\000\051}{subsection.4.2.3}% 91
\BOOKMARK [3][-]{subsubsection.4.2.3.15}{\376\377\0004\000.\0002\000.\0003\000.\0001\0005\000\040\000u\000p\000d\000a\000t\000e\000I\000m\000a\000g\000e\000\050\000\051}{subsection.4.2.3}% 92
\BOOKMARK [2][-]{subsection.4.2.4}{\376\377\0004\000.\0002\000.\0004\000\040\000M\000e\000m\000b\000e\000r\000\040\000D\000a\000t\000a\000\040\000D\000o\000c\000u\000m\000e\000n\000t\000a\000t\000i\000o\000n}{section.4.2}% 93
\BOOKMARK [3][-]{subsubsection.4.2.4.1}{\376\377\0004\000.\0002\000.\0004\000.\0001\000\040\000m\000\137\000a\000u\000t\000o\000s\000c\000o\000p\000e}{subsection.4.2.4}% 94
\BOOKMARK [3][-]{subsubsection.4.2.4.2}{\376\377\0004\000.\0002\000.\0004\000.\0002\000\040\000m\000\137\000a\000u\000t\000o\000s\000c\000o\000p\000e\000W\000i\000n\000d\000o\000w}{subsection.4.2.4}% 95
\BOOKMARK [3][-]{subsubsection.4.2.4.3}{\376\377\0004\000.\0002\000.\0004\000.\0003\000\040\000m\000\137\000g\000u\000i\000H\000o\000r\000i\000z\000o\000n\000t\000a\000l\000P\000o\000s\000i\000t\000i\000o\000n}{subsection.4.2.4}% 96
\BOOKMARK [3][-]{subsubsection.4.2.4.4}{\376\377\0004\000.\0002\000.\0004\000.\0004\000\040\000m\000\137\000g\000u\000i\000V\000e\000r\000t\000i\000c\000a\000l\000P\000o\000s\000i\000t\000i\000o\000n}{subsection.4.2.4}% 97
\BOOKMARK [3][-]{subsubsection.4.2.4.5}{\376\377\0004\000.\0002\000.\0004\000.\0005\000\040\000m\000\137\000h\000e\000i\000g\000h\000t}{subsection.4.2.4}% 98
\BOOKMARK [3][-]{subsubsection.4.2.4.6}{\376\377\0004\000.\0002\000.\0004\000.\0006\000\040\000m\000\137\000s\000c\000r\000e\000e\000n\000H\000e\000i\000g\000h\000t}{subsection.4.2.4}% 99
\BOOKMARK [3][-]{subsubsection.4.2.4.7}{\376\377\0004\000.\0002\000.\0004\000.\0007\000\040\000m\000\137\000s\000c\000r\000e\000e\000n\000W\000i\000d\000t\000h}{subsection.4.2.4}% 100
\BOOKMARK [3][-]{subsubsection.4.2.4.8}{\376\377\0004\000.\0002\000.\0004\000.\0008\000\040\000m\000\137\000w\000i\000d\000t\000h}{subsection.4.2.4}% 101
\BOOKMARK [3][-]{subsubsection.4.2.4.9}{\376\377\0004\000.\0002\000.\0004\000.\0009\000\040\000u\000i}{subsection.4.2.4}% 102
\BOOKMARK [1][-]{section.4.3}{\376\377\0004\000.\0003\000\040\000A\000u\000t\000o\000s\000c\000o\000p\000e\000S\000t\000e\000l\000P\000l\000u\000g\000i\000n\000I\000n\000t\000e\000r\000f\000a\000c\000e\000\040\000C\000l\000a\000s\000s\000\040\000R\000e\000f\000e\000r\000e\000n\000c\000e}{chapter.4}% 103
\BOOKMARK [2][-]{subsection.4.3.1}{\376\377\0004\000.\0003\000.\0001\000\040\000D\000e\000t\000a\000i\000l\000e\000d\000\040\000D\000e\000s\000c\000r\000i\000p\000t\000i\000o\000n}{section.4.3}% 104
\BOOKMARK [2][-]{subsection.4.3.2}{\376\377\0004\000.\0003\000.\0002\000\040\000M\000e\000m\000b\000e\000r\000\040\000F\000u\000n\000c\000t\000i\000o\000n\000\040\000D\000o\000c\000u\000m\000e\000n\000t\000a\000t\000i\000o\000n}{section.4.3}% 105
\BOOKMARK [3][-]{subsubsection.4.3.2.1}{\376\377\0004\000.\0003\000.\0002\000.\0001\000\040\000g\000e\000t\000E\000x\000t\000e\000n\000s\000i\000o\000n\000L\000i\000s\000t\000\050\000\051}{subsection.4.3.2}% 106
\BOOKMARK [3][-]{subsubsection.4.3.2.2}{\376\377\0004\000.\0003\000.\0002\000.\0002\000\040\000g\000e\000t\000P\000l\000u\000g\000i\000n\000I\000n\000f\000o\000\050\000\051}{subsection.4.3.2}% 107
\BOOKMARK [3][-]{subsubsection.4.3.2.3}{\376\377\0004\000.\0003\000.\0002\000.\0003\000\040\000g\000e\000t\000S\000t\000e\000l\000M\000o\000d\000u\000l\000e\000\050\000\051}{subsection.4.3.2}% 108
\BOOKMARK [1][-]{section.4.4}{\376\377\0004\000.\0004\000\040\000A\000u\000t\000o\000s\000c\000o\000p\000e\000W\000i\000n\000d\000o\000w\000F\000o\000r\000m\000\040\000C\000l\000a\000s\000s\000\040\000R\000e\000f\000e\000r\000e\000n\000c\000e}{chapter.4}% 109
\BOOKMARK [2][-]{subsection.4.4.1}{\376\377\0004\000.\0004\000.\0001\000\040\000D\000e\000t\000a\000i\000l\000e\000d\000\040\000D\000e\000s\000c\000r\000i\000p\000t\000i\000o\000n}{section.4.4}% 110
\BOOKMARK [2][-]{subsection.4.4.2}{\376\377\0004\000.\0004\000.\0002\000\040\000C\000o\000n\000s\000t\000r\000u\000c\000t\000o\000r\000\040\000\046\000\040\000D\000e\000s\000t\000r\000u\000c\000t\000o\000r\000\040\000D\000o\000c\000u\000m\000e\000n\000t\000a\000t\000i\000o\000n}{section.4.4}% 111
\BOOKMARK [3][-]{subsubsection.4.4.2.1}{\376\377\0004\000.\0004\000.\0002\000.\0001\000\040\000A\000u\000t\000o\000s\000c\000o\000p\000e\000W\000i\000n\000d\000o\000w\000F\000o\000r\000m\000\050\000\051}{subsection.4.4.2}% 112
\BOOKMARK [3][-]{subsubsection.4.4.2.2}{\376\377\0004\000.\0004\000.\0002\000.\0002\000\040\000\040\000A\000u\000t\000o\000s\000c\000o\000p\000e\000W\000i\000n\000d\000o\000w\000F\000o\000r\000m\000\050\000\051}{subsection.4.4.2}% 113
\BOOKMARK [2][-]{subsection.4.4.3}{\376\377\0004\000.\0004\000.\0003\000\040\000M\000e\000m\000b\000e\000r\000\040\000F\000u\000n\000c\000t\000i\000o\000n\000\040\000D\000o\000c\000u\000m\000e\000n\000t\000a\000t\000i\000o\000n}{section.4.4}% 114
\BOOKMARK [3][-]{subsubsection.4.4.3.1}{\376\377\0004\000.\0004\000.\0003\000.\0001\000\040\000a\000l\000t\000i\000t\000u\000d\000e\000C\000h\000a\000n\000g\000e\000d}{subsection.4.4.3}% 115
\BOOKMARK [3][-]{subsubsection.4.4.3.2}{\376\377\0004\000.\0004\000.\0003\000.\0002\000\040\000a\000z\000i\000m\000u\000t\000h\000C\000h\000a\000n\000g\000e\000d}{subsection.4.4.3}% 116
\BOOKMARK [3][-]{subsubsection.4.4.3.3}{\376\377\0004\000.\0004\000.\0003\000.\0003\000\040\000c\000o\000n\000n\000e\000c\000t\000i\000o\000n\000B\000u\000t\000t\000o\000n\000P\000r\000e\000s\000s\000e\000d}{subsection.4.4.3}% 117
\BOOKMARK [3][-]{subsubsection.4.4.3.4}{\376\377\0004\000.\0004\000.\0003\000.\0004\000\040\000c\000r\000e\000a\000t\000e\000D\000i\000a\000l\000o\000g\000C\000o\000n\000t\000e\000n\000t\000\050\000\051}{subsection.4.4.3}% 118
\BOOKMARK [3][-]{subsubsection.4.4.3.5}{\376\377\0004\000.\0004\000.\0003\000.\0005\000\040\000d\000e\000c\000o\000n\000n\000e\000c\000t\000i\000o\000n\000B\000u\000t\000t\000o\000n\000P\000r\000e\000s\000s\000e\000d}{subsection.4.4.3}% 119
\BOOKMARK [3][-]{subsubsection.4.4.3.6}{\376\377\0004\000.\0004\000.\0003\000.\0006\000\040\000d\000i\000s\000p\000l\000a\000y\000O\000p\000a\000c\000i\000t\000y\000C\000h\000a\000n\000g\000e\000d}{subsection.4.4.3}% 120
\BOOKMARK [3][-]{subsubsection.4.4.3.7}{\376\377\0004\000.\0004\000.\0003\000.\0007\000\040\000d\000i\000s\000p\000l\000a\000y\000S\000i\000z\000e\000C\000h\000a\000n\000g\000e\000d}{subsection.4.4.3}% 121
\BOOKMARK [3][-]{subsubsection.4.4.3.8}{\376\377\0004\000.\0004\000.\0003\000.\0008\000\040\000d\000o\000w\000n\000l\000o\000a\000d\000P\000i\000c\000t\000u\000r\000e\000B\000u\000t\000t\000o\000n\000P\000r\000e\000s\000s\000e\000d}{subsection.4.4.3}% 122
\BOOKMARK [3][-]{subsubsection.4.4.3.9}{\376\377\0004\000.\0004\000.\0003\000.\0009\000\040\000e\000x\000p\000o\000s\000u\000r\000e\000T\000i\000m\000e\000C\000h\000a\000n\000g\000e\000d}{subsection.4.4.3}% 123
\BOOKMARK [3][-]{subsubsection.4.4.3.10}{\376\377\0004\000.\0004\000.\0003\000.\0001\0000\000\040\000g\000e\000t\000G\000u\000i\000H\000o\000r\000i\000z\000o\000n\000t\000a\000l\000P\000o\000s\000i\000t\000i\000o\000n\000\050\000\051}{subsection.4.4.3}% 124
\BOOKMARK [3][-]{subsubsection.4.4.3.11}{\376\377\0004\000.\0004\000.\0003\000.\0001\0001\000\040\000g\000e\000t\000G\000u\000i\000V\000e\000r\000t\000i\000c\000a\000l\000P\000o\000s\000i\000t\000i\000o\000n\000\050\000\051}{subsection.4.4.3}% 125
\BOOKMARK [3][-]{subsubsection.4.4.3.12}{\376\377\0004\000.\0004\000.\0003\000.\0001\0002\000\040\000g\000e\000t\000S\000c\000r\000e\000e\000n\000S\000i\000z\000e\000P\000e\000r\000c\000e\000n\000t\000\050\000\051}{subsection.4.4.3}% 126
\BOOKMARK [3][-]{subsubsection.4.4.3.13}{\376\377\0004\000.\0004\000.\0003\000.\0001\0003\000\040\000h\000o\000r\000i\000z\000o\000n\000t\000a\000l\000D\000i\000s\000p\000l\000a\000y\000P\000o\000s\000i\000t\000i\000o\000n\000C\000h\000a\000n\000g\000e\000d}{subsection.4.4.3}% 127
\BOOKMARK [3][-]{subsubsection.4.4.3.14}{\376\377\0004\000.\0004\000.\0003\000.\0001\0004\000\040\000i\000p\000A\000d\000d\000r\000e\000s\000s\000C\000h\000a\000n\000g\000e\000d}{subsection.4.4.3}% 128
\BOOKMARK [3][-]{subsubsection.4.4.3.15}{\376\377\0004\000.\0004\000.\0003\000.\0001\0005\000\040\000i\000p\000P\000o\000r\000t\000C\000h\000a\000n\000g\000e\000d}{subsection.4.4.3}% 129
\BOOKMARK [3][-]{subsubsection.4.4.3.16}{\376\377\0004\000.\0004\000.\0003\000.\0001\0006\000\040\000m\000o\000v\000e\000T\000o\000B\000u\000t\000t\000o\000n\000P\000r\000e\000s\000s\000e\000d}{subsection.4.4.3}% 130
\BOOKMARK [3][-]{subsubsection.4.4.3.17}{\376\377\0004\000.\0004\000.\0003\000.\0001\0007\000\040\000n\000u\000m\000b\000e\000r\000O\000f\000P\000i\000c\000t\000u\000r\000e\000C\000h\000a\000n\000g\000e\000d}{subsection.4.4.3}% 131
\BOOKMARK [3][-]{subsubsection.4.4.3.18}{\376\377\0004\000.\0004\000.\0003\000.\0001\0008\000\040\000o\000u\000t\000p\000u\000t\000P\000i\000c\000t\000u\000r\000e\000D\000i\000r\000e\000c\000t\000o\000r\000y\000B\000u\000t\000t\000o\000n\000P\000r\000e\000s\000s\000e\000d}{subsection.4.4.3}% 132
\BOOKMARK [3][-]{subsubsection.4.4.3.19}{\376\377\0004\000.\0004\000.\0003\000.\0001\0009\000\040\000o\000u\000t\000p\000u\000t\000P\000i\000c\000t\000u\000r\000e\000D\000i\000r\000e\000c\000t\000o\000r\000y\000C\000h\000a\000n\000g\000e\000d}{subsection.4.4.3}% 133
\BOOKMARK [3][-]{subsubsection.4.4.3.20}{\376\377\0004\000.\0004\000.\0003\000.\0002\0000\000\040\000r\000e\000t\000r\000a\000n\000s\000l\000a\000t\000e}{subsection.4.4.3}% 134
\BOOKMARK [3][-]{subsubsection.4.4.3.21}{\376\377\0004\000.\0004\000.\0003\000.\0002\0001\000\040\000s\000e\000a\000r\000c\000h\000B\000u\000t\000t\000o\000n\000P\000r\000e\000s\000s\000e\000d}{subsection.4.4.3}% 135
\BOOKMARK [3][-]{subsubsection.4.4.3.22}{\376\377\0004\000.\0004\000.\0003\000.\0002\0002\000\040\000s\000e\000a\000r\000c\000h\000O\000b\000j\000e\000c\000t\000C\000h\000a\000n\000g\000e\000d}{subsection.4.4.3}% 136
\BOOKMARK [3][-]{subsubsection.4.4.3.23}{\376\377\0004\000.\0004\000.\0003\000.\0002\0003\000\040\000s\000e\000t\000A\000u\000t\000o\000s\000c\000o\000p\000e\000P\000i\000c\000t\000u\000r\000e\000W\000i\000n\000d\000o\000w\000\050\000\051}{subsection.4.4.3}% 137
\BOOKMARK [3][-]{subsubsection.4.4.3.24}{\376\377\0004\000.\0004\000.\0003\000.\0002\0004\000\040\000s\000t\000a\000r\000t\000B\000u\000t\000t\000o\000n\000P\000r\000e\000s\000s\000e\000d}{subsection.4.4.3}% 138
\BOOKMARK [3][-]{subsubsection.4.4.3.25}{\376\377\0004\000.\0004\000.\0003\000.\0002\0005\000\040\000t\000a\000k\000e\000P\000i\000c\000t\000u\000r\000e\000B\000u\000t\000t\000o\000n\000P\000r\000e\000s\000s\000e\000d}{subsection.4.4.3}% 139
\BOOKMARK [3][-]{subsubsection.4.4.3.26}{\376\377\0004\000.\0004\000.\0003\000.\0002\0006\000\040\000t\000o\000g\000g\000l\000e\000D\000i\000s\000p\000l\000a\000y\000\050\000\051}{subsection.4.4.3}% 140
\BOOKMARK [3][-]{subsubsection.4.4.3.27}{\376\377\0004\000.\0004\000.\0003\000.\0002\0007\000\040\000t\000o\000g\000g\000l\000e\000D\000i\000s\000p\000l\000a\000y\000B\000u\000t\000t\000o\000n\000P\000r\000e\000s\000s\000e\000d}{subsection.4.4.3}% 141
\BOOKMARK [3][-]{subsubsection.4.4.3.28}{\376\377\0004\000.\0004\000.\0003\000.\0002\0008\000\040\000t\000r\000a\000c\000k\000B\000u\000t\000t\000o\000n\000P\000r\000e\000s\000s\000e\000d}{subsection.4.4.3}% 142
\BOOKMARK [3][-]{subsubsection.4.4.3.29}{\376\377\0004\000.\0004\000.\0003\000.\0002\0009\000\040\000u\000n\000t\000r\000a\000c\000k\000B\000u\000t\000t\000o\000n\000P\000r\000e\000s\000s\000e\000d}{subsection.4.4.3}% 143
\BOOKMARK [3][-]{subsubsection.4.4.3.30}{\376\377\0004\000.\0004\000.\0003\000.\0003\0000\000\040\000u\000p\000d\000a\000t\000e\000\050\000\051}{subsection.4.4.3}% 144
\BOOKMARK [3][-]{subsubsection.4.4.3.31}{\376\377\0004\000.\0004\000.\0003\000.\0003\0001\000\040\000u\000p\000d\000a\000t\000e\000G\000u\000i\000P\000o\000s\000i\000t\000i\000o\000n\000\050\000\051}{subsection.4.4.3}% 145
\BOOKMARK [3][-]{subsubsection.4.4.3.32}{\376\377\0004\000.\0004\000.\0003\000.\0003\0002\000\040\000u\000p\000d\000a\000t\000e\000G\000u\000i\000S\000i\000z\000e\000\050\000\051}{subsection.4.4.3}% 146
\BOOKMARK [3][-]{subsubsection.4.4.3.33}{\376\377\0004\000.\0004\000.\0003\000.\0003\0003\000\040\000u\000p\000d\000a\000t\000e\000I\000p\000M\000e\000s\000s\000e\000n\000g\000e\000r\000T\000e\000x\000t\000\050\000\051}{subsection.4.4.3}% 147
\BOOKMARK [3][-]{subsubsection.4.4.3.34}{\376\377\0004\000.\0004\000.\0003\000.\0003\0004\000\040\000u\000p\000d\000a\000t\000e\000M\000a\000x\000M\000i\000n\000S\000l\000i\000d\000e\000r\000\050\000\051}{subsection.4.4.3}% 148
\BOOKMARK [3][-]{subsubsection.4.4.3.35}{\376\377\0004\000.\0004\000.\0003\000.\0003\0005\000\040\000v\000e\000r\000t\000i\000c\000a\000l\000D\000i\000s\000p\000l\000a\000y\000P\000o\000s\000i\000t\000i\000o\000n\000C\000h\000a\000n\000g\000e\000d}{subsection.4.4.3}% 149
\BOOKMARK [3][-]{subsubsection.4.4.3.36}{\376\377\0004\000.\0004\000.\0003\000.\0003\0006\000\040\000z\000o\000o\000m\000C\000h\000a\000n\000g\000e\000d}{subsection.4.4.3}% 150
\BOOKMARK [2][-]{subsection.4.4.4}{\376\377\0004\000.\0004\000.\0004\000\040\000M\000e\000m\000b\000e\000r\000\040\000D\000a\000t\000a\000\040\000D\000o\000c\000u\000m\000e\000n\000t\000a\000t\000i\000o\000n}{section.4.4}% 151
\BOOKMARK [3][-]{subsubsection.4.4.4.1}{\376\377\0004\000.\0004\000.\0004\000.\0001\000\040\000m\000\137\000a\000u\000t\000o\000s\000c\000o\000p\000e}{subsection.4.4.4}% 152
\BOOKMARK [3][-]{subsubsection.4.4.4.2}{\376\377\0004\000.\0004\000.\0004\000.\0002\000\040\000m\000\137\000a\000u\000t\000o\000s\000c\000o\000p\000e\000P\000i\000c\000t\000u\000r\000e\000W\000i\000n\000d\000o\000w}{subsection.4.4.4}% 153
\BOOKMARK [3][-]{subsubsection.4.4.4.3}{\376\377\0004\000.\0004\000.\0004\000.\0003\000\040\000m\000\137\000g\000u\000i\000H\000o\000r\000i\000z\000o\000n\000t\000a\000l\000P\000o\000s\000i\000t\000i\000o\000n}{subsection.4.4.4}% 154
\BOOKMARK [3][-]{subsubsection.4.4.4.4}{\376\377\0004\000.\0004\000.\0004\000.\0004\000\040\000m\000\137\000g\000u\000i\000V\000e\000r\000t\000i\000c\000a\000l\000P\000o\000s\000i\000t\000i\000o\000n}{subsection.4.4.4}% 155
\BOOKMARK [3][-]{subsubsection.4.4.4.5}{\376\377\0004\000.\0004\000.\0004\000.\0005\000\040\000m\000\137\000h\000e\000i\000g\000h\000t}{subsection.4.4.4}% 156
\BOOKMARK [3][-]{subsubsection.4.4.4.6}{\376\377\0004\000.\0004\000.\0004\000.\0006\000\040\000m\000\137\000s\000c\000r\000e\000e\000n\000H\000e\000i\000g\000h\000t}{subsection.4.4.4}% 157
\BOOKMARK [3][-]{subsubsection.4.4.4.7}{\376\377\0004\000.\0004\000.\0004\000.\0007\000\040\000m\000\137\000s\000c\000r\000e\000e\000n\000W\000i\000d\000t\000h}{subsection.4.4.4}% 158
\BOOKMARK [3][-]{subsubsection.4.4.4.8}{\376\377\0004\000.\0004\000.\0004\000.\0008\000\040\000m\000\137\000w\000i\000d\000t\000h}{subsection.4.4.4}% 159
\BOOKMARK [3][-]{subsubsection.4.4.4.9}{\376\377\0004\000.\0004\000.\0004\000.\0009\000\040\000p\000i\000c\000t\000u\000r\000e\000d\000i\000r\000e\000c\000t\000o\000r\000y\000P\000a\000t\000h}{subsection.4.4.4}% 160
\BOOKMARK [3][-]{subsubsection.4.4.4.10}{\376\377\0004\000.\0004\000.\0004\000.\0001\0000\000\040\000p\000i\000c\000t\000u\000r\000e\000W\000i\000n\000d\000o\000w\000I\000s\000V\000i\000s\000i\000b\000l\000e}{subsection.4.4.4}% 161
\BOOKMARK [3][-]{subsubsection.4.4.4.11}{\376\377\0004\000.\0004\000.\0004\000.\0001\0001\000\040\000s\000c\000r\000e\000e\000n\000S\000i\000z\000e\000P\000e\000r\000c\000e\000n\000t}{subsection.4.4.4}% 162
\BOOKMARK [3][-]{subsubsection.4.4.4.12}{\376\377\0004\000.\0004\000.\0004\000.\0001\0002\000\040\000u\000i}{subsection.4.4.4}% 163
\BOOKMARK [1][-]{section.4.5}{\376\377\0004\000.\0005\000\040\000T\000c\000p\000C\000l\000i\000e\000n\000t\000\040\000C\000l\000a\000s\000s\000\040\000R\000e\000f\000e\000r\000e\000n\000c\000e}{chapter.4}% 164
\BOOKMARK [2][-]{subsection.4.5.1}{\376\377\0004\000.\0005\000.\0001\000\040\000D\000e\000t\000a\000i\000l\000e\000d\000\040\000D\000e\000s\000c\000r\000i\000p\000t\000i\000o\000n}{section.4.5}% 165
\BOOKMARK [2][-]{subsection.4.5.2}{\376\377\0004\000.\0005\000.\0002\000\040\000C\000o\000n\000s\000t\000r\000u\000c\000t\000o\000r\000\040\000\046\000\040\000D\000e\000s\000t\000r\000u\000c\000t\000o\000r\000\040\000D\000o\000c\000u\000m\000e\000n\000t\000a\000t\000i\000o\000n}{section.4.5}% 166
\BOOKMARK [3][-]{subsubsection.4.5.2.1}{\376\377\0004\000.\0005\000.\0002\000.\0001\000\040\000T\000c\000p\000C\000l\000i\000e\000n\000t\000\050\000\051\000\040\000[\0001\000/\0002\000]}{subsection.4.5.2}% 167
\BOOKMARK [3][-]{subsubsection.4.5.2.2}{\376\377\0004\000.\0005\000.\0002\000.\0002\000\040\000T\000c\000p\000C\000l\000i\000e\000n\000t\000\050\000\051\000\040\000[\0002\000/\0002\000]}{subsection.4.5.2}% 168
\BOOKMARK [3][-]{subsubsection.4.5.2.3}{\376\377\0004\000.\0005\000.\0002\000.\0003\000\040\000\040\000T\000c\000p\000C\000l\000i\000e\000n\000t\000\050\000\051}{subsection.4.5.2}% 169
\BOOKMARK [2][-]{subsection.4.5.3}{\376\377\0004\000.\0005\000.\0003\000\040\000M\000e\000m\000b\000e\000r\000\040\000F\000u\000n\000c\000t\000i\000o\000n\000\040\000D\000o\000c\000u\000m\000e\000n\000t\000a\000t\000i\000o\000n}{section.4.5}% 170
\BOOKMARK [3][-]{subsubsection.4.5.3.1}{\376\377\0004\000.\0005\000.\0003\000.\0001\000\040\000c\000o\000n\000n\000e\000c\000t\000e\000d\000\137\000h\000a\000n\000d\000l\000e\000r}{subsection.4.5.3}% 171
\BOOKMARK [3][-]{subsubsection.4.5.3.2}{\376\377\0004\000.\0005\000.\0003\000.\0002\000\040\000h\000o\000s\000t\000\137\000f\000o\000u\000n\000d\000\137\000h\000a\000n\000d\000l\000e\000r}{subsection.4.5.3}% 172
\BOOKMARK [2][-]{subsection.4.5.4}{\376\377\0004\000.\0005\000.\0004\000\040\000M\000e\000m\000b\000e\000r\000\040\000D\000a\000t\000a\000\040\000D\000o\000c\000u\000m\000e\000n\000t\000a\000t\000i\000o\000n}{section.4.5}% 173
\BOOKMARK [3][-]{subsubsection.4.5.4.1}{\376\377\0004\000.\0005\000.\0004\000.\0001\000\040\000m\000\137\000h\000o\000s\000t\000\137\000a\000d\000d\000r\000e\000s\000s}{subsection.4.5.4}% 174
\BOOKMARK [3][-]{subsubsection.4.5.4.2}{\376\377\0004\000.\0005\000.\0004\000.\0002\000\040\000m\000\137\000p\000o\000r\000t}{subsection.4.5.4}% 175
\BOOKMARK [1][-]{section.4.6}{\376\377\0004\000.\0006\000\040\000T\000c\000p\000S\000e\000r\000v\000e\000r\000\040\000C\000l\000a\000s\000s\000\040\000R\000e\000f\000e\000r\000e\000n\000c\000e}{chapter.4}% 176
\BOOKMARK [2][-]{subsection.4.6.1}{\376\377\0004\000.\0006\000.\0001\000\040\000D\000e\000t\000a\000i\000l\000e\000d\000\040\000D\000e\000s\000c\000r\000i\000p\000t\000i\000o\000n}{section.4.6}% 177
\BOOKMARK [2][-]{subsection.4.6.2}{\376\377\0004\000.\0006\000.\0002\000\040\000C\000o\000n\000s\000t\000r\000u\000c\000t\000o\000r\000\040\000\046\000\040\000D\000e\000s\000t\000r\000u\000c\000t\000o\000r\000\040\000D\000o\000c\000u\000m\000e\000n\000t\000a\000t\000i\000o\000n}{section.4.6}% 178
\BOOKMARK [3][-]{subsubsection.4.6.2.1}{\376\377\0004\000.\0006\000.\0002\000.\0001\000\040\000T\000c\000p\000S\000e\000r\000v\000e\000r\000\050\000\051\000\040\000[\0001\000/\0003\000]}{subsection.4.6.2}% 179
\BOOKMARK [3][-]{subsubsection.4.6.2.2}{\376\377\0004\000.\0006\000.\0002\000.\0002\000\040\000T\000c\000p\000S\000e\000r\000v\000e\000r\000\050\000\051\000\040\000[\0002\000/\0003\000]}{subsection.4.6.2}% 180
\BOOKMARK [3][-]{subsubsection.4.6.2.3}{\376\377\0004\000.\0006\000.\0002\000.\0003\000\040\000T\000c\000p\000S\000e\000r\000v\000e\000r\000\050\000\051\000\040\000[\0003\000/\0003\000]}{subsection.4.6.2}% 181
\BOOKMARK [3][-]{subsubsection.4.6.2.4}{\376\377\0004\000.\0006\000.\0002\000.\0004\000\040\000\040\000T\000c\000p\000S\000e\000r\000v\000e\000r\000\050\000\051}{subsection.4.6.2}% 182
\BOOKMARK [2][-]{subsection.4.6.3}{\376\377\0004\000.\0006\000.\0003\000\040\000M\000e\000m\000b\000e\000r\000\040\000F\000u\000n\000c\000t\000i\000o\000n\000\040\000D\000o\000c\000u\000m\000e\000n\000t\000a\000t\000i\000o\000n}{section.4.6}% 183
\BOOKMARK [3][-]{subsubsection.4.6.3.1}{\376\377\0004\000.\0006\000.\0003\000.\0001\000\040\000c\000r\000e\000a\000t\000e\000\137\000s\000o\000c\000k\000e\000t}{subsection.4.6.3}% 184
\BOOKMARK [3][-]{subsubsection.4.6.3.2}{\376\377\0004\000.\0006\000.\0003\000.\0002\000\040\000g\000e\000t\000\137\000c\000l\000i\000e\000n\000t\000\050\000\051}{subsection.4.6.3}% 185
\BOOKMARK [3][-]{subsubsection.4.6.3.3}{\376\377\0004\000.\0006\000.\0003\000.\0003\000\040\000s\000e\000t\000\137\000a\000d\000d\000r\000e\000s\000s\000\050\000\051}{subsection.4.6.3}% 186
\BOOKMARK [3][-]{subsubsection.4.6.3.4}{\376\377\0004\000.\0006\000.\0003\000.\0004\000\040\000s\000e\000t\000\137\000p\000o\000r\000t\000\050\000\051}{subsection.4.6.3}% 187
\BOOKMARK [3][-]{subsubsection.4.6.3.5}{\376\377\0004\000.\0006\000.\0003\000.\0005\000\040\000s\000t\000a\000r\000t\000\050\000\051}{subsection.4.6.3}% 188
\BOOKMARK [2][-]{subsection.4.6.4}{\376\377\0004\000.\0006\000.\0004\000\040\000M\000e\000m\000b\000e\000r\000\040\000D\000a\000t\000a\000\040\000D\000o\000c\000u\000m\000e\000n\000t\000a\000t\000i\000o\000n}{section.4.6}% 189
\BOOKMARK [3][-]{subsubsection.4.6.4.1}{\376\377\0004\000.\0006\000.\0004\000.\0001\000\040\000m\000\137\000h\000o\000s\000t\000\137\000a\000d\000d\000r\000e\000s\000s}{subsection.4.6.4}% 190
\BOOKMARK [3][-]{subsubsection.4.6.4.2}{\376\377\0004\000.\0006\000.\0004\000.\0002\000\040\000m\000\137\000p\000o\000r\000t}{subsection.4.6.4}% 191
\BOOKMARK [3][-]{subsubsection.4.6.4.3}{\376\377\0004\000.\0006\000.\0004\000.\0003\000\040\000m\000\137\000t\000c\000p\000\137\000c\000l\000i\000e\000n\000t}{subsection.4.6.4}% 192
\BOOKMARK [0][-]{chapter.5}{\376\377\0005\000\040\000F\000i\000l\000e\000\040\000D\000o\000c\000u\000m\000e\000n\000t\000a\000t\000i\000o\000n}{}% 193
\BOOKMARK [1][-]{section.5.1}{\376\377\0005\000.\0001\000\040\000s\000r\000c\000/\000A\000u\000t\000o\000s\000c\000o\000p\000e\000.\000c\000p\000p\000\040\000F\000i\000l\000e\000\040\000R\000e\000f\000e\000r\000e\000n\000c\000e}{chapter.5}% 194
\BOOKMARK [1][-]{section.5.2}{\376\377\0005\000.\0002\000\040\000s\000r\000c\000/\000A\000u\000t\000o\000s\000c\000o\000p\000e\000.\000h\000p\000p\000\040\000F\000i\000l\000e\000\040\000R\000e\000f\000e\000r\000e\000n\000c\000e}{chapter.5}% 195
\BOOKMARK [2][-]{subsection.5.2.1}{\376\377\0005\000.\0002\000.\0001\000\040\000D\000e\000t\000a\000i\000l\000e\000d\000\040\000D\000e\000s\000c\000r\000i\000p\000t\000i\000o\000n}{section.5.2}% 196
\BOOKMARK [1][-]{section.5.3}{\376\377\0005\000.\0003\000\040\000s\000r\000c\000/\000g\000u\000i\000/\000A\000u\000t\000o\000s\000c\000o\000p\000e\000P\000i\000c\000t\000u\000r\000e\000W\000i\000n\000d\000o\000w\000F\000o\000r\000m\000.\000c\000p\000p\000\040\000F\000i\000l\000e\000\040\000R\000e\000f\000e\000r\000e\000n\000c\000e}{chapter.5}% 197
\BOOKMARK [1][-]{section.5.4}{\376\377\0005\000.\0004\000\040\000s\000r\000c\000/\000g\000u\000i\000/\000A\000u\000t\000o\000s\000c\000o\000p\000e\000P\000i\000c\000t\000u\000r\000e\000W\000i\000n\000d\000o\000w\000F\000o\000r\000m\000.\000h\000p\000p\000\040\000F\000i\000l\000e\000\040\000R\000e\000f\000e\000r\000e\000n\000c\000e}{chapter.5}% 198
\BOOKMARK [2][-]{subsection.5.4.1}{\376\377\0005\000.\0004\000.\0001\000\040\000D\000e\000t\000a\000i\000l\000e\000d\000\040\000D\000e\000s\000c\000r\000i\000p\000t\000i\000o\000n}{section.5.4}% 199
\BOOKMARK [1][-]{section.5.5}{\376\377\0005\000.\0005\000\040\000s\000r\000c\000/\000g\000u\000i\000/\000A\000u\000t\000o\000s\000c\000o\000p\000e\000W\000i\000n\000d\000o\000w\000F\000o\000r\000m\000.\000c\000p\000p\000\040\000F\000i\000l\000e\000\040\000R\000e\000f\000e\000r\000e\000n\000c\000e}{chapter.5}% 200
\BOOKMARK [1][-]{section.5.6}{\376\377\0005\000.\0006\000\040\000s\000r\000c\000/\000g\000u\000i\000/\000A\000u\000t\000o\000s\000c\000o\000p\000e\000W\000i\000n\000d\000o\000w\000F\000o\000r\000m\000.\000h\000p\000p\000\040\000F\000i\000l\000e\000\040\000R\000e\000f\000e\000r\000e\000n\000c\000e}{chapter.5}% 201
\BOOKMARK [2][-]{subsection.5.6.1}{\376\377\0005\000.\0006\000.\0001\000\040\000D\000e\000t\000a\000i\000l\000e\000d\000\040\000D\000e\000s\000c\000r\000i\000p\000t\000i\000o\000n}{section.5.6}% 202
\BOOKMARK [1][-]{section.5.7}{\376\377\0005\000.\0007\000\040\000s\000r\000c\000/\000n\000e\000t\000w\000o\000r\000k\000/\000t\000c\000p\000\137\000c\000l\000i\000e\000n\000t\000.\000c\000p\000p\000\040\000F\000i\000l\000e\000\040\000R\000e\000f\000e\000r\000e\000n\000c\000e}{chapter.5}% 203
\BOOKMARK [1][-]{section.5.8}{\376\377\0005\000.\0008\000\040\000s\000r\000c\000/\000n\000e\000t\000w\000o\000r\000k\000/\000t\000c\000p\000\137\000c\000l\000i\000e\000n\000t\000.\000h\000p\000p\000\040\000F\000i\000l\000e\000\040\000R\000e\000f\000e\000r\000e\000n\000c\000e}{chapter.5}% 204
\BOOKMARK [2][-]{subsection.5.8.1}{\376\377\0005\000.\0008\000.\0001\000\040\000D\000e\000t\000a\000i\000l\000e\000d\000\040\000D\000e\000s\000c\000r\000i\000p\000t\000i\000o\000n}{section.5.8}% 205
\BOOKMARK [1][-]{section.5.9}{\376\377\0005\000.\0009\000\040\000s\000r\000c\000/\000n\000e\000t\000w\000o\000r\000k\000/\000t\000c\000p\000\137\000s\000e\000r\000v\000e\000r\000.\000c\000p\000p\000\040\000F\000i\000l\000e\000\040\000R\000e\000f\000e\000r\000e\000n\000c\000e}{chapter.5}% 206
\BOOKMARK [1][-]{section.5.10}{\376\377\0005\000.\0001\0000\000\040\000s\000r\000c\000/\000n\000e\000t\000w\000o\000r\000k\000/\000t\000c\000p\000\137\000s\000e\000r\000v\000e\000r\000.\000h\000p\000p\000\040\000F\000i\000l\000e\000\040\000R\000e\000f\000e\000r\000e\000n\000c\000e}{chapter.5}% 207
